Drill Listing
=============
Drill: .02362  Tool: 1  Feed: 197  Speed: 550
X 124606  Y 102952
X 117716  Y 102952
X 110826  Y 102952
X 103937  Y 102952
X 104921  Y 118700
X 110826  Y 118700
X 127559  Y 123625
X 143184  Y 160749
X 146259  Y 156105
X 134024  Y 149071
X 134335  Y 144797
X 141338  Y 133464
X 140935  Y 124397
X 131496  Y 102952
X 138385  Y 102952
X 145275  Y 102952
X 152165  Y 102952
X 172834  Y 102952
X 165944  Y 102952
X 159055  Y 102952
X 161742  Y 113425
X 177342  Y 139825
X 167742  Y 150025
X 174680  Y 151399
X 175172  Y 158781
X 156471  Y 163702
X 180708  Y 129530
X 189566  Y 118700
X 183661  Y 118700
X 179724  Y 114763
X 179724  Y 108858
X 179724  Y 102952
X 186614  Y 102952

Drill: .02756  Tool: 2  Feed: 197  Speed: 550
X 152818  Y 130572
X 152610  Y 136091
X 162610  Y 136091
X 157735  Y 136091
X 167443  Y 136091
X 167735  Y 130572
X 157610  Y 130572
X 162735  Y 130572

Drill: .03937  Tool: 3  Feed: 197  Speed: 550
X 107086  Y 109842
X 107086  Y 157086
X 187401  Y 157086
X 187401  Y 109842

End of Listing
